<?xml version="1.0" encoding="UTF-8"?>
<!-- Generated by org.testng.reporters.JUnitReportReporter -->
<testsuite skipped="0" hostname="VR" name="working.Day4_HPStore_PopUpHandled" tests="1" failures="0" timestamp="18 Apr 2020 07:33:37 GMT" time="76.981" errors="0">
  <testcase name="laptopOrder" time="76.981" classname="working.Day4_HPStore_PopUpHandled"/>
</testsuite> <!-- working.Day4_HPStore_PopUpHandled -->
