<?xml version="1.0" encoding="UTF-8"?>
<!-- Generated by org.testng.reporters.JUnitReportReporter -->
<testsuite skipped="0" hostname="VR" name="testcases.Day4_HPStore" tests="1" failures="0" timestamp="18 Apr 2020 05:11:28 GMT" time="71.402" errors="0">
  <testcase name="laptopOrder" time="71.402" classname="testcases.Day4_HPStore"/>
</testsuite> <!-- testcases.Day4_HPStore -->
