<?xml version="1.0" encoding="UTF-8"?>
<!-- Generated by org.testng.reporters.JUnitReportReporter -->
<testsuite skipped="0" hostname="VR" name="working.Day4_HPStore" tests="1" failures="0" timestamp="18 Apr 2020 07:22:47 GMT" time="69.943" errors="0">
  <testcase name="laptopOrder" time="69.943" classname="working.Day4_HPStore"/>
</testsuite> <!-- working.Day4_HPStore -->
